Found path: /home_01/f20150198/projects/deep-reinforcement-learning/p2_continuous-control/Reacher_Linux_NoVis/Reacher.x86_64
Mono path[0] = '/home_01/f20150198/projects/deep-reinforcement-learning/p2_continuous-control/Reacher_Linux_NoVis/Reacher_Data/Managed'
Mono config path = '/home_01/f20150198/projects/deep-reinforcement-learning/p2_continuous-control/Reacher_Linux_NoVis/Reacher_Data/MonoBleedingEdge/etc'
Preloaded 'libgrpc_csharp_ext.x64.so'
Unable to preload the following plugins:
	libgrpc_csharp_ext.x86.so
Logging to /home_01/f20150198/.config/unity3d/Unity Technologies/Unity Environment/Player.log
INFO:unityagents:
'Academy' started successfully!
Unity Academy name: Academy
        Number of Brains: 1
        Number of External Brains : 1
        Lesson number : 0
        Reset Parameters :
		goal_speed -> 1.0
		goal_size -> 5.0
Unity brain name: ReacherBrain
        Number of Visual Observations (per agent): 0
        Vector Observation space type: continuous
        Vector Observation space size (per agent): 33
        Number of stacked Vector Observation: 1
        Vector Action space type: continuous
        Vector Action space size (per agent): 4
        Vector Action descriptions: , , , 
